<?xml version="1.0" encoding="UTF-8"?>
<!-- Generated by org.testng.reporters.JUnitReportReporter -->
<testsuite hostname="Omonjons-MacBook-Pro.local" failures="0" tests="1" name="com.webstaurantstore.MainPageTest" time="15.106" errors="0" timestamp="25 Aug 2021 00:35:31 GMT" skipped="0">
  <testcase classname="com.webstaurantstore.MainPageTest" name="addToCardLastItemTest" time="15.106"/>
</testsuite> <!-- com.webstaurantstore.MainPageTest -->
